mode: atomic
github.com/go-fork/providers/scheduler/config.go:44.29,52.2 1 5
github.com/go-fork/providers/scheduler/config.go:55.53,62.2 1 8
github.com/go-fork/providers/scheduler/config.go:65.72,72.2 1 0
github.com/go-fork/providers/scheduler/locker.go:41.94,42.19 1 2
github.com/go-fork/providers/scheduler/locker.go:42.19,44.3 1 1
github.com/go-fork/providers/scheduler/locker.go:47.2,50.19 2 1
github.com/go-fork/providers/scheduler/locker.go:50.19,54.61 2 1
github.com/go-fork/providers/scheduler/locker.go:54.61,56.4 1 1
github.com/go-fork/providers/scheduler/locker.go:60.2,66.47 4 0
github.com/go-fork/providers/scheduler/locker.go:66.47,68.3 1 0
github.com/go-fork/providers/scheduler/locker.go:71.2,76.20 2 0
github.com/go-fork/providers/scheduler/locker.go:80.82,84.6 3 0
github.com/go-fork/providers/scheduler/locker.go:84.6,89.70 2 0
github.com/go-fork/providers/scheduler/locker.go:89.70,91.4 1 0
github.com/go-fork/providers/scheduler/locker.go:94.3,94.14 1 0
github.com/go-fork/providers/scheduler/locker.go:94.14,107.4 4 0
github.com/go-fork/providers/scheduler/locker.go:110.3,110.38 1 0
github.com/go-fork/providers/scheduler/locker.go:110.38,112.4 1 0
github.com/go-fork/providers/scheduler/locker.go:115.3,115.10 1 0
github.com/go-fork/providers/scheduler/locker.go:116.43,118.12 2 0
github.com/go-fork/providers/scheduler/locker.go:119.21,120.25 1 0
github.com/go-fork/providers/scheduler/locker.go:127.38,134.6 5 0
github.com/go-fork/providers/scheduler/locker.go:134.6,135.10 1 0
github.com/go-fork/providers/scheduler/locker.go:136.32,137.10 1 0
github.com/go-fork/providers/scheduler/locker.go:138.19,144.18 4 0
github.com/go-fork/providers/scheduler/locker.go:144.18,146.13 1 0
github.com/go-fork/providers/scheduler/locker.go:153.55,155.26 1 0
github.com/go-fork/providers/scheduler/locker.go:155.26,157.3 1 0
github.com/go-fork/providers/scheduler/locker.go:160.2,161.48 2 0
github.com/go-fork/providers/scheduler/locker.go:165.67,166.31 1 9
github.com/go-fork/providers/scheduler/locker.go:166.31,168.3 1 3
github.com/go-fork/providers/scheduler/locker.go:169.2,169.28 1 6
github.com/go-fork/providers/scheduler/locker.go:169.28,171.3 1 1
github.com/go-fork/providers/scheduler/locker.go:172.2,172.28 1 5
github.com/go-fork/providers/scheduler/locker.go:172.28,174.3 1 1
github.com/go-fork/providers/scheduler/locker.go:175.2,175.29 1 4
github.com/go-fork/providers/scheduler/locker.go:175.29,177.3 1 1
github.com/go-fork/providers/scheduler/locker.go:178.2,178.12 1 3
github.com/go-fork/providers/scheduler/manager.go:114.42,119.2 2 11
github.com/go-fork/providers/scheduler/manager.go:122.49,127.2 2 3
github.com/go-fork/providers/scheduler/manager.go:130.55,133.2 2 7
github.com/go-fork/providers/scheduler/manager.go:136.36,139.2 2 7
github.com/go-fork/providers/scheduler/manager.go:142.37,145.2 2 0
github.com/go-fork/providers/scheduler/manager.go:148.37,151.2 2 0
github.com/go-fork/providers/scheduler/manager.go:154.35,157.2 2 0
github.com/go-fork/providers/scheduler/manager.go:160.34,163.2 2 0
github.com/go-fork/providers/scheduler/manager.go:166.35,169.2 2 0
github.com/go-fork/providers/scheduler/manager.go:172.43,175.2 2 0
github.com/go-fork/providers/scheduler/manager.go:178.56,181.2 2 0
github.com/go-fork/providers/scheduler/manager.go:184.55,187.2 2 1
github.com/go-fork/providers/scheduler/manager.go:190.66,193.2 2 0
github.com/go-fork/providers/scheduler/manager.go:196.47,199.2 2 2
github.com/go-fork/providers/scheduler/manager.go:202.43,205.2 2 1
github.com/go-fork/providers/scheduler/manager.go:208.86,210.2 1 8
github.com/go-fork/providers/scheduler/manager.go:213.45,216.2 2 1
github.com/go-fork/providers/scheduler/manager.go:219.49,221.2 1 1
github.com/go-fork/providers/scheduler/manager.go:224.54,226.2 1 0
github.com/go-fork/providers/scheduler/manager.go:229.72,231.2 1 2
github.com/go-fork/providers/scheduler/manager.go:234.32,236.2 1 3
github.com/go-fork/providers/scheduler/manager.go:239.35,241.2 1 0
github.com/go-fork/providers/scheduler/manager.go:244.26,246.2 1 3
github.com/go-fork/providers/scheduler/manager.go:249.27,251.2 1 1
github.com/go-fork/providers/scheduler/manager.go:254.52,256.2 1 1
github.com/go-fork/providers/scheduler/manager.go:259.71,262.2 2 1
github.com/go-fork/providers/scheduler/manager.go:265.82,267.2 1 1
github.com/go-fork/providers/scheduler/manager.go:270.36,272.2 1 8
github.com/go-fork/providers/scheduler/provider.go:35.46,37.2 1 9
github.com/go-fork/providers/scheduler/provider.go:56.53,59.9 2 5
github.com/go-fork/providers/scheduler/provider.go:59.9,61.3 1 1
github.com/go-fork/providers/scheduler/provider.go:62.2,63.22 2 4
github.com/go-fork/providers/scheduler/provider.go:63.22,64.31 1 1
github.com/go-fork/providers/scheduler/provider.go:68.2,71.65 2 3
github.com/go-fork/providers/scheduler/provider.go:71.65,72.63 1 0
github.com/go-fork/providers/scheduler/provider.go:72.63,75.4 1 0
github.com/go-fork/providers/scheduler/provider.go:79.2,82.33 2 3
github.com/go-fork/providers/scheduler/provider.go:82.33,83.64 1 0
github.com/go-fork/providers/scheduler/provider.go:83.64,85.61 1 0
github.com/go-fork/providers/scheduler/provider.go:85.61,86.62 1 0
github.com/go-fork/providers/scheduler/provider.go:86.62,87.77 1 0
github.com/go-fork/providers/scheduler/provider.go:87.77,89.7 1 0
github.com/go-fork/providers/scheduler/provider.go:96.2,97.48 2 3
github.com/go-fork/providers/scheduler/provider.go:112.49,115.9 2 6
github.com/go-fork/providers/scheduler/provider.go:115.9,117.3 1 1
github.com/go-fork/providers/scheduler/provider.go:118.2,119.22 2 5
github.com/go-fork/providers/scheduler/provider.go:119.22,121.3 1 1
github.com/go-fork/providers/scheduler/provider.go:124.2,125.16 2 4
github.com/go-fork/providers/scheduler/provider.go:125.16,127.3 1 1
github.com/go-fork/providers/scheduler/provider.go:128.2,129.9 2 3
github.com/go-fork/providers/scheduler/provider.go:129.9,131.3 1 0
github.com/go-fork/providers/scheduler/provider.go:134.2,134.27 1 3
github.com/go-fork/providers/scheduler/provider.go:134.27,136.3 1 1
github.com/go-fork/providers/scheduler/provider.go:139.2,142.65 2 2
github.com/go-fork/providers/scheduler/provider.go:142.65,143.63 1 0
github.com/go-fork/providers/scheduler/provider.go:143.63,146.4 1 0
github.com/go-fork/providers/scheduler/provider.go:150.2,150.19 1 2
github.com/go-fork/providers/scheduler/provider.go:150.19,152.3 1 2
github.com/go-fork/providers/scheduler/provider.go:155.47,160.2 1 0
github.com/go-fork/providers/scheduler/provider.go:162.48,164.2 1 0
